Start testing: Jun 24 16:50 CEST
----------------------------------------------------------
1/1 Testing: TestWindowing
1/1 Test: TestWindowing
Command: "/home/Daniel/Dev/Anui/build/tests/TestWindowing"
Directory: /home/Daniel/Dev/Anui/build/tests
"TestWindowing" start time: Jun 24 16:50 CEST
Output:
----------------------------------------------------------
Hello world!
42
<end of output>
Test time =   0.00 sec
----------------------------------------------------------
Test Passed.
"TestWindowing" end time: Jun 24 16:50 CEST
"TestWindowing" time elapsed: 00:00:00
----------------------------------------------------------

End testing: Jun 24 16:50 CEST
